<?xml version="1.0" encoding="UTF-8"?>
<testsuite name="cz.mendelu.pef.pjj.projekt.dostihy.KunTest" tests="2" skipped="0" failures="0" errors="0" timestamp="2020-10-28T09:47:33" hostname="DESKTOP-TUQTFP9" time="0.001">
  <properties/>
  <testcase name="testGetPocetZetonu" classname="cz.mendelu.pef.pjj.projekt.dostihy.KunTest" time="0.0"/>
  <testcase name="testZmenPocetZetonu" classname="cz.mendelu.pef.pjj.projekt.dostihy.KunTest" time="0.0"/>
  <system-out><![CDATA[]]></system-out>
  <system-err><![CDATA[]]></system-err>
</testsuite>
